androidApp/build/intermediates/manifest_merge_blame_file/debug/manifest-merger-blame-debug-report.txt
1<?xml version="1.0" encoding="utf-8"?>
2<manifest xmlns:android="http://schemas.android.com/apk/res/android"
3    package="com.yazantarifi.radio.android"
4    android:installLocation="preferExternal"
5    android:versionCode="1"
6    android:versionName="1.0" >
7
8    <uses-sdk
9        android:minSdkVersion="21"
9-->src/main/AndroidManifest.xml
10        android:targetSdkVersion="33" />
10-->src/main/AndroidManifest.xml
11
12    <uses-permission android:name="android.permission.ACCESS_NETWORK_STATE" />
12-->src/main/AndroidManifest.xml:6:5-79
12-->src/main/AndroidManifest.xml:6:22-76
13    <uses-permission android:name="android.permission.ACCESS_WIFI_STATE" />
13-->src/main/AndroidManifest.xml:7:5-76
13-->src/main/AndroidManifest.xml:7:22-73
14    <uses-permission android:name="android.permission.INTERNET" />
14-->src/main/AndroidManifest.xml:8:5-67
14-->src/main/AndroidManifest.xml:8:22-64
15    <uses-permission android:name="android.permission.POST_NOTIFICATIONS" />
15-->src/main/AndroidManifest.xml:9:5-77
15-->src/main/AndroidManifest.xml:9:22-74
16    <uses-permission
16-->src/main/AndroidManifest.xml:10:5-107
17        android:name="android.permission.READ_EXTERNAL_STORAGE"
17-->src/main/AndroidManifest.xml:10:22-77
18        android:maxSdkVersion="32" />
18-->src/main/AndroidManifest.xml:10:78-104
19    <uses-permission android:name="android.permission.WAKE_LOCK" /> <!-- Required by older versions of Google Play services to create IID tokens -->
19-->[com.google.firebase:firebase-messaging:23.0.4] AndroidManifest.xml:26:5-68
19-->[com.google.firebase:firebase-messaging:23.0.4] AndroidManifest.xml:26:22-65
20    <uses-permission android:name="com.google.android.c2dm.permission.RECEIVE" />
20-->[com.google.firebase:firebase-messaging:23.0.4] AndroidManifest.xml:28:5-82
20-->[com.google.firebase:firebase-messaging:23.0.4] AndroidManifest.xml:28:22-79
21    <uses-permission android:name="com.google.android.gms.permission.AD_ID" />
21-->[com.google.android.gms:play-services-measurement-api:21.0.0] AndroidManifest.xml:25:5-79
21-->[com.google.android.gms:play-services-measurement-api:21.0.0] AndroidManifest.xml:25:22-76
22    <uses-permission android:name="com.google.android.finsky.permission.BIND_GET_INSTALL_REFERRER_SERVICE" />
22-->[com.google.android.gms:play-services-measurement:21.0.0] AndroidManifest.xml:26:5-110
22-->[com.google.android.gms:play-services-measurement:21.0.0] AndroidManifest.xml:26:22-107
23
24    <permission
24-->[androidx.core:core:1.9.0] AndroidManifest.xml:22:5-24:47
25        android:name="com.yazantarifi.radio.android.DYNAMIC_RECEIVER_NOT_EXPORTED_PERMISSION"
25-->[androidx.core:core:1.9.0] AndroidManifest.xml:23:9-81
26        android:protectionLevel="signature" />
26-->[androidx.core:core:1.9.0] AndroidManifest.xml:24:9-44
27
28    <uses-permission android:name="com.yazantarifi.radio.android.DYNAMIC_RECEIVER_NOT_EXPORTED_PERMISSION" />
28-->[androidx.core:core:1.9.0] AndroidManifest.xml:26:5-97
28-->[androidx.core:core:1.9.0] AndroidManifest.xml:26:22-94
29
30    <application
30-->src/main/AndroidManifest.xml:12:5-38:19
31        android:allowAudioPlaybackCapture="false"
31-->src/main/AndroidManifest.xml:24:9-50
32        android:allowBackup="false"
32-->src/main/AndroidManifest.xml:13:9-36
33        android:allowClearUserData="true"
33-->src/main/AndroidManifest.xml:25:9-42
34        android:appCategory="social"
34-->src/main/AndroidManifest.xml:23:9-37
35        android:appComponentFactory="androidx.core.app.CoreComponentFactory"
35-->[androidx.core:core:1.9.0] AndroidManifest.xml:28:18-86
36        android:debuggable="true"
37        android:hardwareAccelerated="true"
37-->src/main/AndroidManifest.xml:16:9-43
38        android:icon="@mipmap/app_logo"
38-->src/main/AndroidManifest.xml:18:9-40
39        android:label="@string/app_name"
39-->src/main/AndroidManifest.xml:20:9-41
40        android:largeHeap="true"
40-->src/main/AndroidManifest.xml:17:9-33
41        android:roundIcon="@mipmap/app_logo_round"
41-->src/main/AndroidManifest.xml:19:9-51
42        android:supportsRtl="true"
42-->src/main/AndroidManifest.xml:14:9-35
43        android:testOnly="true"
44        android:theme="@style/Theme.App"
44-->src/main/AndroidManifest.xml:15:9-41
45        android:usesCleartextTraffic="true" >
45-->src/main/AndroidManifest.xml:21:9-44
46        <activity
46-->src/main/AndroidManifest.xml:27:9-36:20
47            android:name="com.yazantarifi.radio.android.MainActivity"
47-->src/main/AndroidManifest.xml:28:13-41
48            android:exported="true"
48-->src/main/AndroidManifest.xml:31:13-36
49            android:screenOrientation="fullSensor"
49-->src/main/AndroidManifest.xml:30:13-51
50            android:theme="@style/Theme.MainScreen" >
50-->src/main/AndroidManifest.xml:29:13-52
51            <intent-filter>
51-->src/main/AndroidManifest.xml:32:13-35:29
52                <action android:name="android.intent.action.MAIN" />
52-->src/main/AndroidManifest.xml:33:17-69
52-->src/main/AndroidManifest.xml:33:25-66
53
54                <category android:name="android.intent.category.LAUNCHER" />
54-->src/main/AndroidManifest.xml:34:17-77
54-->src/main/AndroidManifest.xml:34:27-74
55            </intent-filter>
56        </activity>
57        <activity
57-->[androidx.compose.ui:ui-tooling:1.4.1] AndroidManifest.xml:23:9-25:39
58            android:name="androidx.compose.ui.tooling.PreviewActivity"
58-->[androidx.compose.ui:ui-tooling:1.4.1] AndroidManifest.xml:24:13-71
59            android:exported="true" />
59-->[androidx.compose.ui:ui-tooling:1.4.1] AndroidManifest.xml:25:13-36
60
61        <service
61-->[com.google.firebase:firebase-perf-ktx:20.0.6] AndroidManifest.xml:12:9-18:19
62            android:name="com.google.firebase.components.ComponentDiscoveryService"
62-->[com.google.firebase:firebase-perf-ktx:20.0.6] AndroidManifest.xml:13:13-84
63            android:directBootAware="true"
63-->[com.google.firebase:firebase-common:20.1.1] AndroidManifest.xml:35:13-43
64            android:exported="false" >
64-->[com.google.firebase:firebase-perf-ktx:20.0.6] AndroidManifest.xml:14:13-37
65            <meta-data
65-->[com.google.firebase:firebase-perf-ktx:20.0.6] AndroidManifest.xml:15:13-17:85
66                android:name="com.google.firebase.components:com.google.firebase.perf.ktx.FirebasePerfKtxRegistrar"
66-->[com.google.firebase:firebase-perf-ktx:20.0.6] AndroidManifest.xml:16:17-116
67                android:value="com.google.firebase.components.ComponentRegistrar" />
67-->[com.google.firebase:firebase-perf-ktx:20.0.6] AndroidManifest.xml:17:17-82
68            <meta-data
68-->[com.google.firebase:firebase-perf:20.0.6] AndroidManifest.xml:23:13-25:85
69                android:name="com.google.firebase.components:com.google.firebase.perf.FirebasePerfRegistrar"
69-->[com.google.firebase:firebase-perf:20.0.6] AndroidManifest.xml:24:17-109
70                android:value="com.google.firebase.components.ComponentRegistrar" />
70-->[com.google.firebase:firebase-perf:20.0.6] AndroidManifest.xml:25:17-82
71            <meta-data
71-->[com.google.firebase:firebase-messaging:23.0.4] AndroidManifest.xml:55:13-57:85
72                android:name="com.google.firebase.components:com.google.firebase.messaging.FirebaseMessagingRegistrar"
72-->[com.google.firebase:firebase-messaging:23.0.4] AndroidManifest.xml:56:17-119
73                android:value="com.google.firebase.components.ComponentRegistrar" />
73-->[com.google.firebase:firebase-messaging:23.0.4] AndroidManifest.xml:57:17-82
74            <meta-data
74-->[com.google.firebase:firebase-functions-ktx:20.1.0] AndroidManifest.xml:15:13-17:85
75                android:name="com.google.firebase.components:com.google.firebase.functions.ktx.FirebaseFunctionsKtxRegistrar"
75-->[com.google.firebase:firebase-functions-ktx:20.1.0] AndroidManifest.xml:16:17-126
76                android:value="com.google.firebase.components.ComponentRegistrar" />
76-->[com.google.firebase:firebase-functions-ktx:20.1.0] AndroidManifest.xml:17:17-82
77            <meta-data
77-->[com.google.firebase:firebase-functions:20.1.0] AndroidManifest.xml:18:13-20:85
78                android:name="com.google.firebase.components:com.google.firebase.functions.FunctionsRegistrar"
78-->[com.google.firebase:firebase-functions:20.1.0] AndroidManifest.xml:19:17-111
79                android:value="com.google.firebase.components.ComponentRegistrar" />
79-->[com.google.firebase:firebase-functions:20.1.0] AndroidManifest.xml:20:17-82
80            <meta-data
80-->[com.google.firebase:firebase-config:21.1.0] AndroidManifest.xml:32:13-34:85
81                android:name="com.google.firebase.components:com.google.firebase.remoteconfig.RemoteConfigRegistrar"
81-->[com.google.firebase:firebase-config:21.1.0] AndroidManifest.xml:33:17-117
82                android:value="com.google.firebase.components.ComponentRegistrar" />
82-->[com.google.firebase:firebase-config:21.1.0] AndroidManifest.xml:34:17-82
83            <meta-data
83-->[com.google.firebase:firebase-crashlytics-ktx:18.2.10] AndroidManifest.xml:27:13-29:85
84                android:name="com.google.firebase.components:com.google.firebase.crashlytics.ktx.FirebaseCrashlyticsKtxRegistrar"
84-->[com.google.firebase:firebase-crashlytics-ktx:18.2.10] AndroidManifest.xml:28:17-130
85                android:value="com.google.firebase.components.ComponentRegistrar" />
85-->[com.google.firebase:firebase-crashlytics-ktx:18.2.10] AndroidManifest.xml:29:17-82
86            <meta-data
86-->[com.google.firebase:firebase-analytics-ktx:21.0.0] AndroidManifest.xml:11:13-13:85
87                android:name="com.google.firebase.components:com.google.firebase.analytics.ktx.FirebaseAnalyticsKtxRegistrar"
87-->[com.google.firebase:firebase-analytics-ktx:21.0.0] AndroidManifest.xml:12:17-126
88                android:value="com.google.firebase.components.ComponentRegistrar" />
88-->[com.google.firebase:firebase-analytics-ktx:21.0.0] AndroidManifest.xml:13:17-82
89            <meta-data
89-->[com.google.firebase:firebase-common-ktx:20.1.1] AndroidManifest.xml:15:13-17:85
90                android:name="com.google.firebase.components:com.google.firebase.ktx.FirebaseCommonKtxRegistrar"
90-->[com.google.firebase:firebase-common-ktx:20.1.1] AndroidManifest.xml:16:17-113
91                android:value="com.google.firebase.components.ComponentRegistrar" />
91-->[com.google.firebase:firebase-common-ktx:20.1.1] AndroidManifest.xml:17:17-82
92            <meta-data
92-->[com.google.firebase:firebase-crashlytics:18.2.10] AndroidManifest.xml:18:13-20:85
93                android:name="com.google.firebase.components:com.google.firebase.crashlytics.CrashlyticsRegistrar"
93-->[com.google.firebase:firebase-crashlytics:18.2.10] AndroidManifest.xml:19:17-115
94                android:value="com.google.firebase.components.ComponentRegistrar" />
94-->[com.google.firebase:firebase-crashlytics:18.2.10] AndroidManifest.xml:20:17-82
95            <meta-data
95-->[com.google.firebase:firebase-abt:21.0.1] AndroidManifest.xml:13:13-15:85
96                android:name="com.google.firebase.components:com.google.firebase.abt.component.AbtRegistrar"
96-->[com.google.firebase:firebase-abt:21.0.1] AndroidManifest.xml:14:17-109
97                android:value="com.google.firebase.components.ComponentRegistrar" />
97-->[com.google.firebase:firebase-abt:21.0.1] AndroidManifest.xml:15:17-82
98            <meta-data
98-->[com.google.firebase:firebase-iid:21.1.0] AndroidManifest.xml:32:13-34:85
99                android:name="com.google.firebase.components:com.google.firebase.iid.Registrar"
99-->[com.google.firebase:firebase-iid:21.1.0] AndroidManifest.xml:33:17-96
100                android:value="com.google.firebase.components.ComponentRegistrar" />
100-->[com.google.firebase:firebase-iid:21.1.0] AndroidManifest.xml:34:17-82
101            <meta-data
101-->[com.google.android.gms:play-services-measurement-api:21.0.0] AndroidManifest.xml:31:13-33:85
102                android:name="com.google.firebase.components:com.google.firebase.analytics.connector.internal.AnalyticsConnectorRegistrar"
102-->[com.google.android.gms:play-services-measurement-api:21.0.0] AndroidManifest.xml:32:17-139
103                android:value="com.google.firebase.components.ComponentRegistrar" />
103-->[com.google.android.gms:play-services-measurement-api:21.0.0] AndroidManifest.xml:33:17-82
104            <meta-data
104-->[com.google.firebase:firebase-installations:17.0.1] AndroidManifest.xml:18:13-20:85
105                android:name="com.google.firebase.components:com.google.firebase.installations.FirebaseInstallationsRegistrar"
105-->[com.google.firebase:firebase-installations:17.0.1] AndroidManifest.xml:19:17-127
106                android:value="com.google.firebase.components.ComponentRegistrar" />
106-->[com.google.firebase:firebase-installations:17.0.1] AndroidManifest.xml:20:17-82
107            <meta-data
107-->[com.google.firebase:firebase-datatransport:18.1.3] AndroidManifest.xml:28:13-30:85
108                android:name="com.google.firebase.components:com.google.firebase.datatransport.TransportRegistrar"
108-->[com.google.firebase:firebase-datatransport:18.1.3] AndroidManifest.xml:29:17-115
109                android:value="com.google.firebase.components.ComponentRegistrar" />
109-->[com.google.firebase:firebase-datatransport:18.1.3] AndroidManifest.xml:30:17-82
110        </service>
111
112        <provider
112-->[com.google.firebase:firebase-perf:20.0.6] AndroidManifest.xml:14:9-18:39
113            android:name="com.google.firebase.perf.provider.FirebasePerfProvider"
113-->[com.google.firebase:firebase-perf:20.0.6] AndroidManifest.xml:15:13-82
114            android:authorities="com.yazantarifi.radio.android.firebaseperfprovider"
114-->[com.google.firebase:firebase-perf:20.0.6] AndroidManifest.xml:16:13-72
115            android:exported="false"
115-->[com.google.firebase:firebase-perf:20.0.6] AndroidManifest.xml:17:13-37
116            android:initOrder="101" />
116-->[com.google.firebase:firebase-perf:20.0.6] AndroidManifest.xml:18:13-36
117
118        <receiver
118-->[com.google.firebase:firebase-messaging:23.0.4] AndroidManifest.xml:31:9-38:20
119            android:name="com.google.firebase.iid.FirebaseInstanceIdReceiver"
119-->[com.google.firebase:firebase-messaging:23.0.4] AndroidManifest.xml:32:13-78
120            android:exported="true"
120-->[com.google.firebase:firebase-messaging:23.0.4] AndroidManifest.xml:33:13-36
121            android:permission="com.google.android.c2dm.permission.SEND" >
121-->[com.google.firebase:firebase-messaging:23.0.4] AndroidManifest.xml:34:13-73
122            <intent-filter>
122-->[com.google.firebase:firebase-messaging:23.0.4] AndroidManifest.xml:35:13-37:29
123                <action android:name="com.google.android.c2dm.intent.RECEIVE" />
123-->[com.google.firebase:firebase-messaging:23.0.4] AndroidManifest.xml:36:17-81
123-->[com.google.firebase:firebase-messaging:23.0.4] AndroidManifest.xml:36:25-78
124            </intent-filter>
125        </receiver>
126        <!--
127             FirebaseMessagingService performs security checks at runtime,
128             but set to not exported to explicitly avoid allowing another app to call it.
129        -->
130        <service
130-->[com.google.firebase:firebase-messaging:23.0.4] AndroidManifest.xml:44:9-51:19
131            android:name="com.google.firebase.messaging.FirebaseMessagingService"
131-->[com.google.firebase:firebase-messaging:23.0.4] AndroidManifest.xml:45:13-82
132            android:directBootAware="true"
132-->[com.google.firebase:firebase-messaging:23.0.4] AndroidManifest.xml:46:13-43
133            android:exported="false" >
133-->[com.google.firebase:firebase-messaging:23.0.4] AndroidManifest.xml:47:13-37
134            <intent-filter android:priority="-500" >
134-->[com.google.firebase:firebase-messaging:23.0.4] AndroidManifest.xml:48:13-50:29
134-->[com.google.firebase:firebase-messaging:23.0.4] AndroidManifest.xml:48:28-51
135                <action android:name="com.google.firebase.MESSAGING_EVENT" />
135-->[com.google.firebase:firebase-messaging:23.0.4] AndroidManifest.xml:49:17-78
135-->[com.google.firebase:firebase-messaging:23.0.4] AndroidManifest.xml:49:25-75
136            </intent-filter>
137        </service>
138
139        <activity
139-->[com.google.android.gms:play-services-base:18.0.1] AndroidManifest.xml:20:9-22:45
140            android:name="com.google.android.gms.common.api.GoogleApiActivity"
140-->[com.google.android.gms:play-services-base:18.0.1] AndroidManifest.xml:20:19-85
141            android:exported="false"
141-->[com.google.android.gms:play-services-base:18.0.1] AndroidManifest.xml:22:19-43
142            android:theme="@android:style/Theme.Translucent.NoTitleBar" />
142-->[com.google.android.gms:play-services-base:18.0.1] AndroidManifest.xml:21:19-78
143
144        <provider
144-->[com.google.firebase:firebase-common:20.1.1] AndroidManifest.xml:26:9-31:39
145            android:name="com.google.firebase.provider.FirebaseInitProvider"
145-->[com.google.firebase:firebase-common:20.1.1] AndroidManifest.xml:27:13-77
146            android:authorities="com.yazantarifi.radio.android.firebaseinitprovider"
146-->[com.google.firebase:firebase-common:20.1.1] AndroidManifest.xml:28:13-72
147            android:directBootAware="true"
147-->[com.google.firebase:firebase-common:20.1.1] AndroidManifest.xml:29:13-43
148            android:exported="false"
148-->[com.google.firebase:firebase-common:20.1.1] AndroidManifest.xml:30:13-37
149            android:initOrder="100" />
149-->[com.google.firebase:firebase-common:20.1.1] AndroidManifest.xml:31:13-36
150
151        <receiver
151-->[com.google.android.gms:play-services-measurement:21.0.0] AndroidManifest.xml:29:9-33:20
152            android:name="com.google.android.gms.measurement.AppMeasurementReceiver"
152-->[com.google.android.gms:play-services-measurement:21.0.0] AndroidManifest.xml:30:13-85
153            android:enabled="true"
153-->[com.google.android.gms:play-services-measurement:21.0.0] AndroidManifest.xml:31:13-35
154            android:exported="false" >
154-->[com.google.android.gms:play-services-measurement:21.0.0] AndroidManifest.xml:32:13-37
155        </receiver>
156
157        <service
157-->[com.google.android.gms:play-services-measurement:21.0.0] AndroidManifest.xml:35:9-38:40
158            android:name="com.google.android.gms.measurement.AppMeasurementService"
158-->[com.google.android.gms:play-services-measurement:21.0.0] AndroidManifest.xml:36:13-84
159            android:enabled="true"
159-->[com.google.android.gms:play-services-measurement:21.0.0] AndroidManifest.xml:37:13-35
160            android:exported="false" />
160-->[com.google.android.gms:play-services-measurement:21.0.0] AndroidManifest.xml:38:13-37
161        <service
161-->[com.google.android.gms:play-services-measurement:21.0.0] AndroidManifest.xml:39:9-43:72
162            android:name="com.google.android.gms.measurement.AppMeasurementJobService"
162-->[com.google.android.gms:play-services-measurement:21.0.0] AndroidManifest.xml:40:13-87
163            android:enabled="true"
163-->[com.google.android.gms:play-services-measurement:21.0.0] AndroidManifest.xml:41:13-35
164            android:exported="false"
164-->[com.google.android.gms:play-services-measurement:21.0.0] AndroidManifest.xml:42:13-37
165            android:permission="android.permission.BIND_JOB_SERVICE" />
165-->[com.google.android.gms:play-services-measurement:21.0.0] AndroidManifest.xml:43:13-69
166
167        <meta-data
167-->[com.google.android.gms:play-services-basement:18.0.0] AndroidManifest.xml:21:9-23:69
168            android:name="com.google.android.gms.version"
168-->[com.google.android.gms:play-services-basement:18.0.0] AndroidManifest.xml:22:13-58
169            android:value="@integer/google_play_services_version" />
169-->[com.google.android.gms:play-services-basement:18.0.0] AndroidManifest.xml:23:13-66
170
171        <provider
171-->[androidx.emoji2:emoji2:1.3.0] AndroidManifest.xml:24:9-32:20
172            android:name="androidx.startup.InitializationProvider"
172-->[androidx.emoji2:emoji2:1.3.0] AndroidManifest.xml:25:13-67
173            android:authorities="com.yazantarifi.radio.android.androidx-startup"
173-->[androidx.emoji2:emoji2:1.3.0] AndroidManifest.xml:26:13-68
174            android:exported="false" >
174-->[androidx.emoji2:emoji2:1.3.0] AndroidManifest.xml:27:13-37
175            <meta-data
175-->[androidx.emoji2:emoji2:1.3.0] AndroidManifest.xml:29:13-31:52
176                android:name="androidx.emoji2.text.EmojiCompatInitializer"
176-->[androidx.emoji2:emoji2:1.3.0] AndroidManifest.xml:30:17-75
177                android:value="androidx.startup" />
177-->[androidx.emoji2:emoji2:1.3.0] AndroidManifest.xml:31:17-49
178            <meta-data
178-->[androidx.lifecycle:lifecycle-process:2.6.1] AndroidManifest.xml:29:13-31:52
179                android:name="androidx.lifecycle.ProcessLifecycleInitializer"
179-->[androidx.lifecycle:lifecycle-process:2.6.1] AndroidManifest.xml:30:17-78
180                android:value="androidx.startup" />
180-->[androidx.lifecycle:lifecycle-process:2.6.1] AndroidManifest.xml:31:17-49
181            <meta-data
181-->[androidx.profileinstaller:profileinstaller:1.3.0] AndroidManifest.xml:29:13-31:52
182                android:name="androidx.profileinstaller.ProfileInstallerInitializer"
182-->[androidx.profileinstaller:profileinstaller:1.3.0] AndroidManifest.xml:30:17-85
183                android:value="androidx.startup" />
183-->[androidx.profileinstaller:profileinstaller:1.3.0] AndroidManifest.xml:31:17-49
184        </provider>
185
186        <uses-library
186-->[androidx.window:window:1.1.0-alpha02] AndroidManifest.xml:25:9-27:40
187            android:name="androidx.window.extensions"
187-->[androidx.window:window:1.1.0-alpha02] AndroidManifest.xml:26:13-54
188            android:required="false" />
188-->[androidx.window:window:1.1.0-alpha02] AndroidManifest.xml:27:13-37
189        <uses-library
189-->[androidx.window:window:1.1.0-alpha02] AndroidManifest.xml:28:9-30:40
190            android:name="androidx.window.sidecar"
190-->[androidx.window:window:1.1.0-alpha02] AndroidManifest.xml:29:13-51
191            android:required="false" />
191-->[androidx.window:window:1.1.0-alpha02] AndroidManifest.xml:30:13-37
192
193        <service
193-->[com.google.android.datatransport:transport-backend-cct:3.1.4] AndroidManifest.xml:29:9-35:19
194            android:name="com.google.android.datatransport.runtime.backends.TransportBackendDiscovery"
194-->[com.google.android.datatransport:transport-backend-cct:3.1.4] AndroidManifest.xml:30:13-103
195            android:exported="false" >
195-->[com.google.android.datatransport:transport-backend-cct:3.1.4] AndroidManifest.xml:31:13-37
196            <meta-data
196-->[com.google.android.datatransport:transport-backend-cct:3.1.4] AndroidManifest.xml:32:13-34:39
197                android:name="backend:com.google.android.datatransport.cct.CctBackendFactory"
197-->[com.google.android.datatransport:transport-backend-cct:3.1.4] AndroidManifest.xml:33:17-94
198                android:value="cct" />
198-->[com.google.android.datatransport:transport-backend-cct:3.1.4] AndroidManifest.xml:34:17-36
199        </service>
200        <service
200-->[com.google.android.datatransport:transport-runtime:3.1.4] AndroidManifest.xml:26:9-30:19
201            android:name="com.google.android.datatransport.runtime.scheduling.jobscheduling.JobInfoSchedulerService"
201-->[com.google.android.datatransport:transport-runtime:3.1.4] AndroidManifest.xml:27:13-117
202            android:exported="false"
202-->[com.google.android.datatransport:transport-runtime:3.1.4] AndroidManifest.xml:28:13-37
203            android:permission="android.permission.BIND_JOB_SERVICE" >
203-->[com.google.android.datatransport:transport-runtime:3.1.4] AndroidManifest.xml:29:13-69
204        </service>
205
206        <receiver
206-->[com.google.android.datatransport:transport-runtime:3.1.4] AndroidManifest.xml:32:9-34:40
207            android:name="com.google.android.datatransport.runtime.scheduling.jobscheduling.AlarmManagerSchedulerBroadcastReceiver"
207-->[com.google.android.datatransport:transport-runtime:3.1.4] AndroidManifest.xml:33:13-132
208            android:exported="false" />
208-->[com.google.android.datatransport:transport-runtime:3.1.4] AndroidManifest.xml:34:13-37
209        <receiver
209-->[androidx.profileinstaller:profileinstaller:1.3.0] AndroidManifest.xml:34:9-52:20
210            android:name="androidx.profileinstaller.ProfileInstallReceiver"
210-->[androidx.profileinstaller:profileinstaller:1.3.0] AndroidManifest.xml:35:13-76
211            android:directBootAware="false"
211-->[androidx.profileinstaller:profileinstaller:1.3.0] AndroidManifest.xml:36:13-44
212            android:enabled="true"
212-->[androidx.profileinstaller:profileinstaller:1.3.0] AndroidManifest.xml:37:13-35
213            android:exported="true"
213-->[androidx.profileinstaller:profileinstaller:1.3.0] AndroidManifest.xml:38:13-36
214            android:permission="android.permission.DUMP" >
214-->[androidx.profileinstaller:profileinstaller:1.3.0] AndroidManifest.xml:39:13-57
215            <intent-filter>
215-->[androidx.profileinstaller:profileinstaller:1.3.0] AndroidManifest.xml:40:13-42:29
216                <action android:name="androidx.profileinstaller.action.INSTALL_PROFILE" />
216-->[androidx.profileinstaller:profileinstaller:1.3.0] AndroidManifest.xml:41:17-91
216-->[androidx.profileinstaller:profileinstaller:1.3.0] AndroidManifest.xml:41:25-88
217            </intent-filter>
218            <intent-filter>
218-->[androidx.profileinstaller:profileinstaller:1.3.0] AndroidManifest.xml:43:13-45:29
219                <action android:name="androidx.profileinstaller.action.SKIP_FILE" />
219-->[androidx.profileinstaller:profileinstaller:1.3.0] AndroidManifest.xml:44:17-85
219-->[androidx.profileinstaller:profileinstaller:1.3.0] AndroidManifest.xml:44:25-82
220            </intent-filter>
221            <intent-filter>
221-->[androidx.profileinstaller:profileinstaller:1.3.0] AndroidManifest.xml:46:13-48:29
222                <action android:name="androidx.profileinstaller.action.SAVE_PROFILE" />
222-->[androidx.profileinstaller:profileinstaller:1.3.0] AndroidManifest.xml:47:17-88
222-->[androidx.profileinstaller:profileinstaller:1.3.0] AndroidManifest.xml:47:25-85
223            </intent-filter>
224            <intent-filter>
224-->[androidx.profileinstaller:profileinstaller:1.3.0] AndroidManifest.xml:49:13-51:29
225                <action android:name="androidx.profileinstaller.action.BENCHMARK_OPERATION" />
225-->[androidx.profileinstaller:profileinstaller:1.3.0] AndroidManifest.xml:50:17-95
225-->[androidx.profileinstaller:profileinstaller:1.3.0] AndroidManifest.xml:50:25-92
226            </intent-filter>
227        </receiver>
228    </application>
229
230</manifest>